This is pdfTeX, Version 3.141592653-2.6-1.40.22 (MiKTeX 21.3) (preloaded format=pdflatex 2021.5.16)  16 NOV 2023 23:19
entering extended mode
**c:/Users/Public/Documents/UNCUYO/4-Cuarto_anio/2-Octavo_Semestre/2-Programacion_Orientada_a_Objetos/3-Trabajos_Practicos/1-TP1/BORQUEZ_13567_C/BORQUEZ_13567_C/informe/Informe_Trabajo_Practico-Borquez_Juan.tex
(c:/Users/Public/Documents/UNCUYO/4-Cuarto_anio/2-Octavo_Semestre/2-Programacion_Orientada_a_Objetos/3-Trabajos_Practicos/1-TP1/BORQUEZ_13567_C/BORQUEZ_13567_C/informe/Informe_Trabajo_Practico-Borquez_Juan.tex
LaTeX2e <2020-10-01> patch level 4
L3 programming layer <2021-02-18> (C:\Users\Juan\AppData\Local\Programs\MiKTeX\tex/latex/base\article.cls
Document Class: article 2020/04/10 v1.4m Standard LaTeX document class
(C:\Users\Juan\AppData\Local\Programs\MiKTeX\tex/latex/base\size12.clo
File: size12.clo 2020/04/10 v1.4m Standard LaTeX file (size option)
)
\c@part=\count179
\c@section=\count180
\c@subsection=\count181
\c@subsubsection=\count182
\c@paragraph=\count183
\c@subparagraph=\count184
\c@figure=\count185
\c@table=\count186
\abovecaptionskip=\skip47
\belowcaptionskip=\skip48
\bibindent=\dimen138
) (C:\Users\Juan\AppData\Local\Programs\MiKTeX\tex/latex/base\inputenc.sty
Package: inputenc 2020/08/01 v1.3d Input encoding file
\inpenc@prehook=\toks15
\inpenc@posthook=\toks16
) (C:\Users\Juan\AppData\Local\Programs\MiKTeX\tex/latex/graphics\graphicx.sty
Package: graphicx 2020/09/09 v1.2b Enhanced LaTeX Graphics (DPC,SPQR)
 (C:\Users\Juan\AppData\Local\Programs\MiKTeX\tex/latex/graphics\keyval.sty
Package: keyval 2014/10/28 v1.15 key=value parser (DPC)
\KV@toks@=\toks17
) (C:\Users\Juan\AppData\Local\Programs\MiKTeX\tex/latex/graphics\graphics.sty
Package: graphics 2020/08/30 v1.4c Standard LaTeX Graphics (DPC,SPQR)
 (C:\Users\Juan\AppData\Local\Programs\MiKTeX\tex/latex/graphics\trig.sty
Package: trig 2016/01/03 v1.10 sin cos tan (DPC)
) (C:\Users\Juan\AppData\Local\Programs\MiKTeX\tex/latex/graphics-cfg\graphics.cfg
File: graphics.cfg 2016/06/04 v1.11 sample graphics configuration
)
Package graphics Info: Driver file: pdftex.def on input line 105.
 (C:\Users\Juan\AppData\Local\Programs\MiKTeX\tex/latex/graphics-def\pdftex.def
File: pdftex.def 2020/10/05 v1.2a Graphics/color driver for pdftex
))
\Gin@req@height=\dimen139
\Gin@req@width=\dimen140
) (C:\Users\Juan\AppData\Local\Programs\MiKTeX\tex/latex/fancyhdr\fancyhdr.sty
Package: fancyhdr 2022/11/09 v4.1 Extensive control of page headers and footers
\f@nch@headwidth=\skip49
\f@nch@O@elh=\skip50
\f@nch@O@erh=\skip51
\f@nch@O@olh=\skip52
\f@nch@O@orh=\skip53
\f@nch@O@elf=\skip54
\f@nch@O@erf=\skip55
\f@nch@O@olf=\skip56
\f@nch@O@orf=\skip57
) (C:\Users\Juan\AppData\Local\Programs\MiKTeX\tex/latex/geometry\geometry.sty
Package: geometry 2020/01/02 v5.9 Page Geometry
 (C:\Users\Juan\AppData\Local\Programs\MiKTeX\tex/generic/iftex\ifvtex.sty
Package: ifvtex 2019/10/25 v1.7 ifvtex legacy package. Use iftex instead.
 (C:\Users\Juan\AppData\Local\Programs\MiKTeX\tex/generic/iftex\iftex.sty
Package: iftex 2020/03/06 v1.0d TeX engine tests
))
\Gm@cnth=\count187
\Gm@cntv=\count188
\c@Gm@tempcnt=\count189
\Gm@bindingoffset=\dimen141
\Gm@wd@mp=\dimen142
\Gm@odd@mp=\dimen143
\Gm@even@mp=\dimen144
\Gm@layoutwidth=\dimen145
\Gm@layoutheight=\dimen146
\Gm@layouthoffset=\dimen147
\Gm@layoutvoffset=\dimen148
\Gm@dimlist=\toks18
 (C:\Users\Juan\AppData\Local\Programs\MiKTeX\tex/latex/geometry\geometry.cfg)) (C:\Users\Juan\AppData\Local\Programs\MiKTeX\tex/latex/adjustbox\adjustbox.sty
Package: adjustbox 2022/10/17 v1.3a Adjusting TeX boxes (trim, clip, ...)
 (C:\Users\Juan\AppData\Local\Programs\MiKTeX\tex/latex/xkeyval\xkeyval.sty
Package: xkeyval 2020/11/20 v2.8 package option processing (HA)
 (C:\Users\Juan\AppData\Local\Programs\MiKTeX\tex/generic/xkeyval\xkeyval.tex (C:\Users\Juan\AppData\Local\Programs\MiKTeX\tex/generic/xkeyval\xkvutils.tex
\XKV@toks=\toks19
\XKV@tempa@toks=\toks20
)
\XKV@depth=\count190
File: xkeyval.tex 2014/12/03 v2.7a key=value parser (HA)
)) (C:\Users\Juan\AppData\Local\Programs\MiKTeX\tex/latex/adjustbox\adjcalc.sty
Package: adjcalc 2012/05/16 v1.1 Provides advanced setlength with multiple back-ends (calc, etex, pgfmath)
) (C:\Users\Juan\AppData\Local\Programs\MiKTeX\tex/latex/adjustbox\trimclip.sty
Package: trimclip 2020/08/19 v1.2 Trim and clip general TeX material
 (C:\Users\Juan\AppData\Local\Programs\MiKTeX\tex/latex/collectbox\collectbox.sty
Package: collectbox 2022/10/17 v0.4c Collect macro arguments as boxes
\collectedbox=\box47
)
\tc@llx=\dimen149
\tc@lly=\dimen150
\tc@urx=\dimen151
\tc@ury=\dimen152
Package trimclip Info: Using driver 'tc-pdftex.def'.
 (C:\Users\Juan\AppData\Local\Programs\MiKTeX\tex/latex/adjustbox\tc-pdftex.def
File: tc-pdftex.def 2019/01/04 v2.2 Clipping driver for pdftex
))
\adjbox@Width=\dimen153
\adjbox@Height=\dimen154
\adjbox@Depth=\dimen155
\adjbox@Totalheight=\dimen156
\adjbox@pwidth=\dimen157
\adjbox@pheight=\dimen158
\adjbox@pdepth=\dimen159
\adjbox@ptotalheight=\dimen160
 (C:\Users\Juan\AppData\Local\Programs\MiKTeX\tex/latex/ifoddpage\ifoddpage.sty
Package: ifoddpage 2022/10/18 v1.2 Conditionals for odd/even page detection
\c@checkoddpage=\count191
) (C:\Users\Juan\AppData\Local\Programs\MiKTeX\tex/latex/varwidth\varwidth.sty
Package: varwidth 2009/03/30 ver 0.92;  Variable-width minipages
\@vwid@box=\box48
\sift@deathcycles=\count192
\@vwid@loff=\dimen161
\@vwid@roff=\dimen162
)) (C:\Users\Juan\AppData\Local\Programs\MiKTeX\tex/latex/latex-tools\verbatim.sty
Package: verbatim 2020-07-07 v1.5u LaTeX2e package for verbatim enhancements
\every@verbatim=\toks21
\verbatim@line=\toks22
\verbatim@in@stream=\read2
) (C:\Users\Juan\AppData\Local\Programs\MiKTeX\tex/latex/hyperref\hyperref.sty
Package: hyperref 2021-02-27 v7.00k Hypertext links for LaTeX
 (C:\Users\Juan\AppData\Local\Programs\MiKTeX\tex/generic/ltxcmds\ltxcmds.sty
Package: ltxcmds 2020-05-10 v1.25 LaTeX kernel commands for general use (HO)
) (C:\Users\Juan\AppData\Local\Programs\MiKTeX\tex/generic/pdftexcmds\pdftexcmds.sty
Package: pdftexcmds 2020-06-27 v0.33 Utility functions of pdfTeX for LuaTeX (HO)
 (C:\Users\Juan\AppData\Local\Programs\MiKTeX\tex/generic/infwarerr\infwarerr.sty
Package: infwarerr 2019/12/03 v1.5 Providing info/warning/error messages (HO)
)
Package pdftexcmds Info: \pdf@primitive is available.
Package pdftexcmds Info: \pdf@ifprimitive is available.
Package pdftexcmds Info: \pdfdraftmode found.
) (C:\Users\Juan\AppData\Local\Programs\MiKTeX\tex/latex/kvsetkeys\kvsetkeys.sty
Package: kvsetkeys 2022-10-05 v1.19 Key value parser (HO)
) (C:\Users\Juan\AppData\Local\Programs\MiKTeX\tex/generic/kvdefinekeys\kvdefinekeys.sty
Package: kvdefinekeys 2019-12-19 v1.6 Define keys (HO)
) (C:\Users\Juan\AppData\Local\Programs\MiKTeX\tex/generic/pdfescape\pdfescape.sty
Package: pdfescape 2019/12/09 v1.15 Implements pdfTeX's escape features (HO)
) (C:\Users\Juan\AppData\Local\Programs\MiKTeX\tex/latex/hycolor\hycolor.sty
Package: hycolor 2020-01-27 v1.10 Color options for hyperref/bookmark (HO)
) (C:\Users\Juan\AppData\Local\Programs\MiKTeX\tex/latex/letltxmacro\letltxmacro.sty
Package: letltxmacro 2019/12/03 v1.6 Let assignment for LaTeX macros (HO)
) (C:\Users\Juan\AppData\Local\Programs\MiKTeX\tex/latex/auxhook\auxhook.sty
Package: auxhook 2019-12-17 v1.6 Hooks for auxiliary files (HO)
) (C:\Users\Juan\AppData\Local\Programs\MiKTeX\tex/latex/kvoptions\kvoptions.sty
Package: kvoptions 2022-06-15 v3.15 Key value format for package options (HO)
)
\@linkdim=\dimen163
\Hy@linkcounter=\count193
\Hy@pagecounter=\count194
 (C:\Users\Juan\AppData\Local\Programs\MiKTeX\tex/latex/hyperref\pd1enc.def
File: pd1enc.def 2021-02-27 v7.00k Hyperref: PDFDocEncoding definition (HO)
Now handling font encoding PD1 ...
... no UTF-8 mapping file for font encoding PD1
) (C:\Users\Juan\AppData\Local\Programs\MiKTeX\tex/latex/hyperref\hyperref-langpatches.def
File: hyperref-langpatches.def 2021-02-27 v7.00k Hyperref: patches for babel languages
) (C:\Users\Juan\AppData\Local\Programs\MiKTeX\tex/generic/intcalc\intcalc.sty
Package: intcalc 2019/12/15 v1.3 Expandable calculations with integers (HO)
) (C:\Users\Juan\AppData\Local\Programs\MiKTeX\tex/generic/etexcmds\etexcmds.sty
Package: etexcmds 2019/12/15 v1.7 Avoid name clashes with e-TeX commands (HO)
)
\Hy@SavedSpaceFactor=\count195
 (C:\Users\Juan\AppData\Local\Programs\MiKTeX\tex/latex/hyperref\puenc.def
File: puenc.def 2021-02-27 v7.00k Hyperref: PDF Unicode definition (HO)
Now handling font encoding PU ...
... no UTF-8 mapping file for font encoding PU
)
Package hyperref Info: Hyper figures OFF on input line 4192.
Package hyperref Info: Link nesting OFF on input line 4197.
Package hyperref Info: Hyper index ON on input line 4200.
Package hyperref Info: Plain pages OFF on input line 4207.
Package hyperref Info: Backreferencing OFF on input line 4212.
Package hyperref Info: Implicit mode ON; LaTeX internals redefined.
Package hyperref Info: Bookmarks ON on input line 4445.
\c@Hy@tempcnt=\count196
 (C:\Users\Juan\AppData\Local\Programs\MiKTeX\tex/latex/url\url.sty
\Urlmuskip=\muskip16
Package: url 2013/09/16  ver 3.4  Verb mode for urls, etc.
)
LaTeX Info: Redefining \url on input line 4804.
\XeTeXLinkMargin=\dimen164
 (C:\Users\Juan\AppData\Local\Programs\MiKTeX\tex/generic/bitset\bitset.sty
Package: bitset 2019/12/09 v1.3 Handle bit-vector datatype (HO)
 (C:\Users\Juan\AppData\Local\Programs\MiKTeX\tex/generic/bigintcalc\bigintcalc.sty
Package: bigintcalc 2019/12/15 v1.5 Expandable calculations on big integers (HO)
))
\Fld@menulength=\count197
\Field@Width=\dimen165
\Fld@charsize=\dimen166
Package hyperref Info: Hyper figures OFF on input line 6075.
Package hyperref Info: Link nesting OFF on input line 6080.
Package hyperref Info: Hyper index ON on input line 6083.
Package hyperref Info: backreferencing OFF on input line 6090.
Package hyperref Info: Link coloring OFF on input line 6095.
Package hyperref Info: Link coloring with OCG OFF on input line 6100.
Package hyperref Info: PDF/A mode OFF on input line 6105.
LaTeX Info: Redefining \ref on input line 6145.
LaTeX Info: Redefining \pageref on input line 6149.
 (C:\Users\Juan\AppData\Local\Programs\MiKTeX\tex/latex/base\atbegshi-ltx.sty
Package: atbegshi-ltx 2020/08/17 v1.0a Emulation of the original atbegshi package
with kernel methods
)
\Hy@abspage=\count198
\c@Item=\count199
\c@Hfootnote=\count266
)
Package hyperref Info: Driver (autodetected): hpdftex.
 (C:\Users\Juan\AppData\Local\Programs\MiKTeX\tex/latex/hyperref\hpdftex.def
File: hpdftex.def 2021-02-27 v7.00k Hyperref driver for pdfTeX
 (C:\Users\Juan\AppData\Local\Programs\MiKTeX\tex/latex/base\atveryend-ltx.sty
Package: atveryend-ltx 2020/08/19 v1.0a Emulation of the original atvery package
with kernel methods
)
\Fld@listcount=\count267
\c@bookmark@seq@number=\count268
 (C:\Users\Juan\AppData\Local\Programs\MiKTeX\tex/latex/rerunfilecheck\rerunfilecheck.sty
Package: rerunfilecheck 2022-07-10 v1.10 Rerun checks for auxiliary files (HO)
 (C:\Users\Juan\AppData\Local\Programs\MiKTeX\tex/generic/uniquecounter\uniquecounter.sty
Package: uniquecounter 2019/12/15 v1.4 Provide unlimited unique counter (HO)
)
Package uniquecounter Info: New unique counter `rerunfilecheck' on input line 285.
)
\Hy@SectionHShift=\skip58
) (C:\Users\Juan\AppData\Local\Programs\MiKTeX\tex/latex/wrapfig\wrapfig.sty
\wrapoverhang=\dimen167
\WF@size=\dimen168
\c@WF@wrappedlines=\count269
\WF@box=\box49
\WF@everypar=\toks23
Package: wrapfig 2003/01/31  v 3.6
) (C:\Users\Juan\AppData\Local\Programs\MiKTeX\tex/latex/biblatex\biblatex.sty
Package: biblatex 2020/12/31 v3.16 programmable bibliographies (PK/MW)
 (C:\Users\Juan\AppData\Local\Programs\MiKTeX\tex/latex/etoolbox\etoolbox.sty
Package: etoolbox 2020/10/05 v2.5k e-TeX tools for LaTeX (JAW)
\etb@tempcnta=\count270
) (C:\Users\Juan\AppData\Local\Programs\MiKTeX\tex/latex/logreq\logreq.sty
Package: logreq 2010/08/04 v1.0 xml request logger
\lrq@indent=\count271
 (C:\Users\Juan\AppData\Local\Programs\MiKTeX\tex/latex/logreq\logreq.def
File: logreq.def 2010/08/04 v1.0 logreq spec v1.0
)) (C:\Users\Juan\AppData\Local\Programs\MiKTeX\tex/latex/base\ifthen.sty
Package: ifthen 2014/09/29 v1.1c Standard LaTeX ifthen package (DPC)
)
\c@tabx@nest=\count272
\c@listtotal=\count273
\c@listcount=\count274
\c@liststart=\count275
\c@liststop=\count276
\c@citecount=\count277
\c@citetotal=\count278
\c@multicitecount=\count279
\c@multicitetotal=\count280
\c@instcount=\count281
\c@maxnames=\count282
\c@minnames=\count283
\c@maxitems=\count284
\c@minitems=\count285
\c@citecounter=\count286
\c@maxcitecounter=\count287
\c@savedcitecounter=\count288
\c@uniquelist=\count289
\c@uniquename=\count290
\c@refsection=\count291
\c@refsegment=\count292
\c@maxextratitle=\count293
\c@maxextratitleyear=\count294
\c@maxextraname=\count295
\c@maxextradate=\count296
\c@maxextraalpha=\count297
\c@abbrvpenalty=\count298
\c@highnamepenalty=\count299
\c@lownamepenalty=\count300
\c@maxparens=\count301
\c@parenlevel=\count302
\blx@tempcnta=\count303
\blx@tempcntb=\count304
\blx@tempcntc=\count305
\blx@maxsection=\count306
\blx@maxsegment@0=\count307
\blx@notetype=\count308
\blx@parenlevel@text=\count309
\blx@parenlevel@foot=\count310
\blx@sectionciteorder@0=\count311
\blx@entrysetcounter=\count312
\blx@biblioinstance=\count313
\labelnumberwidth=\skip59
\labelalphawidth=\skip60
\biblabelsep=\skip61
\bibitemsep=\skip62
\bibnamesep=\skip63
\bibinitsep=\skip64
\bibparsep=\skip65
\bibhang=\skip66
\blx@bcfin=\read3
\blx@bcfout=\write3
\blx@langwohyphens=\language79
\c@mincomprange=\count314
\c@maxcomprange=\count315
\c@mincompwidth=\count316
Package biblatex Info: Trying to load biblatex default data model...
Package biblatex Info: ... file 'blx-dm.def' found.
 (C:\Users\Juan\AppData\Local\Programs\MiKTeX\tex/latex/biblatex\blx-dm.def
File: blx-dm.def 2020/12/31 v3.16 biblatex localization (PK/MW)
)
Package biblatex Info: Trying to load biblatex custom data model...
Package biblatex Info: ... file 'biblatex-dm.cfg' not found.
\c@afterword=\count317
\c@savedafterword=\count318
\c@annotator=\count319
\c@savedannotator=\count320
\c@author=\count321
\c@savedauthor=\count322
\c@bookauthor=\count323
\c@savedbookauthor=\count324
\c@commentator=\count325
\c@savedcommentator=\count326
\c@editor=\count327
\c@savededitor=\count328
\c@editora=\count329
\c@savededitora=\count330
\c@editorb=\count331
\c@savededitorb=\count332
\c@editorc=\count333
\c@savededitorc=\count334
\c@foreword=\count335
\c@savedforeword=\count336
\c@holder=\count337
\c@savedholder=\count338
\c@introduction=\count339
\c@savedintroduction=\count340
\c@namea=\count341
\c@savednamea=\count342
\c@nameb=\count343
\c@savednameb=\count344
\c@namec=\count345
\c@savednamec=\count346
\c@translator=\count347
\c@savedtranslator=\count348
\c@shortauthor=\count349
\c@savedshortauthor=\count350
\c@shorteditor=\count351
\c@savedshorteditor=\count352
\c@labelname=\count353
\c@savedlabelname=\count354
\c@institution=\count355
\c@savedinstitution=\count356
\c@lista=\count357
\c@savedlista=\count358
\c@listb=\count359
\c@savedlistb=\count360
\c@listc=\count361
\c@savedlistc=\count362
\c@listd=\count363
\c@savedlistd=\count364
\c@liste=\count365
\c@savedliste=\count366
\c@listf=\count367
\c@savedlistf=\count368
\c@location=\count369
\c@savedlocation=\count370
\c@organization=\count371
\c@savedorganization=\count372
\c@origlocation=\count373
\c@savedoriglocation=\count374
\c@origpublisher=\count375
\c@savedorigpublisher=\count376
\c@publisher=\count377
\c@savedpublisher=\count378
\c@language=\count379
\c@savedlanguage=\count380
\c@origlanguage=\count381
\c@savedoriglanguage=\count382
\c@pageref=\count383
\c@savedpageref=\count384
\shorthandwidth=\skip67
\shortjournalwidth=\skip68
\shortserieswidth=\skip69
\shorttitlewidth=\skip70
\shortauthorwidth=\skip71
\shorteditorwidth=\skip72
\locallabelnumberwidth=\skip73
\locallabelalphawidth=\skip74
\localshorthandwidth=\skip75
\localshortjournalwidth=\skip76
\localshortserieswidth=\skip77
\localshorttitlewidth=\skip78
\localshortauthorwidth=\skip79
\localshorteditorwidth=\skip80
Package biblatex Info: Trying to load compatibility code...
Package biblatex Info: ... file 'blx-compat.def' found.
 (C:\Users\Juan\AppData\Local\Programs\MiKTeX\tex/latex/biblatex\blx-compat.def
File: blx-compat.def 2020/12/31 v3.16 biblatex compatibility (PK/MW)
)
Package biblatex Info: Trying to load generic definitions...
Package biblatex Info: ... file 'biblatex.def' found.
 (C:\Users\Juan\AppData\Local\Programs\MiKTeX\tex/latex/biblatex\biblatex.def
File: biblatex.def 2020/12/31 v3.16 biblatex compatibility (PK/MW)
\c@textcitecount=\count385
\c@textcitetotal=\count386
\c@textcitemaxnames=\count387
\c@biburlbigbreakpenalty=\count388
\c@biburlbreakpenalty=\count389
\c@biburlnumpenalty=\count390
\c@biburlucpenalty=\count391
\c@biburllcpenalty=\count392
\biburlbigskip=\muskip17
\biburlnumskip=\muskip18
\biburlucskip=\muskip19
\biburllcskip=\muskip20
\c@smartand=\count393
)
Package biblatex Info: Trying to load bibliography style 'numeric'...
Package biblatex Info: ... file 'numeric.bbx' found.
 (C:\Users\Juan\AppData\Local\Programs\MiKTeX\tex/latex/biblatex/bbx\numeric.bbx
File: numeric.bbx 2020/12/31 v3.16 biblatex bibliography style (PK/MW)
Package biblatex Info: Trying to load bibliography style 'standard'...
Package biblatex Info: ... file 'standard.bbx' found.
 (C:\Users\Juan\AppData\Local\Programs\MiKTeX\tex/latex/biblatex/bbx\standard.bbx
File: standard.bbx 2020/12/31 v3.16 biblatex bibliography style (PK/MW)
\c@bbx:relatedcount=\count394
\c@bbx:relatedtotal=\count395
))
Package biblatex Info: Trying to load citation style 'numeric'...
Package biblatex Info: ... file 'numeric.cbx' found.
 (C:\Users\Juan\AppData\Local\Programs\MiKTeX\tex/latex/biblatex/cbx\numeric.cbx
File: numeric.cbx 2020/12/31 v3.16 biblatex citation style (PK/MW)
Package biblatex Info: Redefining '\cite'.
Package biblatex Info: Redefining '\parencite'.
Package biblatex Info: Redefining '\footcite'.
Package biblatex Info: Redefining '\footcitetext'.
Package biblatex Info: Redefining '\smartcite'.
Package biblatex Info: Redefining '\supercite'.
Package biblatex Info: Redefining '\textcite'.
Package biblatex Info: Redefining '\textcites'.
Package biblatex Info: Redefining '\cites'.
Package biblatex Info: Redefining '\parencites'.
Package biblatex Info: Redefining '\smartcites'.
)
Package biblatex Info: Trying to load configuration file...
Package biblatex Info: ... file 'biblatex.cfg' found.
 (C:\Users\Juan\AppData\Local\Programs\MiKTeX\tex/latex/biblatex\biblatex.cfg
File: biblatex.cfg 
))
\@quotelevel=\count396
\@quotereset=\count397
 (C:\Users\Juan\AppData\Local\Programs\MiKTeX\tex/latex/l3backend\l3backend-pdftex.def
File: l3backend-pdftex.def 2021-03-18 L3 backend support: PDF output (pdfTeX)
\l__color_backend_stack_int=\count398
\l__pdf_internal_box=\box50
) (Informe_Trabajo_Practico-Borquez_Juan.aux)
\openout1 = `Informe_Trabajo_Practico-Borquez_Juan.aux'.

LaTeX Font Info:    Checking defaults for OML/cmm/m/it on input line 36.
LaTeX Font Info:    ... okay on input line 36.
LaTeX Font Info:    Checking defaults for OMS/cmsy/m/n on input line 36.
LaTeX Font Info:    ... okay on input line 36.
LaTeX Font Info:    Checking defaults for OT1/cmr/m/n on input line 36.
LaTeX Font Info:    ... okay on input line 36.
LaTeX Font Info:    Checking defaults for T1/cmr/m/n on input line 36.
LaTeX Font Info:    ... okay on input line 36.
LaTeX Font Info:    Checking defaults for TS1/cmr/m/n on input line 36.
LaTeX Font Info:    ... okay on input line 36.
LaTeX Font Info:    Checking defaults for OMX/cmex/m/n on input line 36.
LaTeX Font Info:    ... okay on input line 36.
LaTeX Font Info:    Checking defaults for U/cmr/m/n on input line 36.
LaTeX Font Info:    ... okay on input line 36.
LaTeX Font Info:    Checking defaults for PD1/pdf/m/n on input line 36.
LaTeX Font Info:    ... okay on input line 36.
LaTeX Font Info:    Checking defaults for PU/pdf/m/n on input line 36.
LaTeX Font Info:    ... okay on input line 36.
 (C:\Users\Juan\AppData\Local\Programs\MiKTeX\tex/context/base/mkii\supp-pdf.mkii
[Loading MPS to PDF converter (version 2006.09.02).]
\scratchcounter=\count399
\scratchdimen=\dimen169
\scratchbox=\box51
\nofMPsegments=\count400
\nofMParguments=\count401
\everyMPshowfont=\toks24
\MPscratchCnt=\count402
\MPscratchDim=\dimen170
\MPnumerator=\count403
\makeMPintoPDFobject=\count404
\everyMPtoPDFconversion=\toks25
) (C:\Users\Juan\AppData\Local\Programs\MiKTeX\tex/latex/epstopdf-pkg\epstopdf-base.sty
Package: epstopdf-base 2020-01-24 v2.11 Base part for package epstopdf
 (C:\Users\Juan\AppData\Local\Programs\MiKTeX\tex/latex/grfext\grfext.sty
Package: grfext 2019/12/03 v1.3 Manage graphics extensions (HO)
)
Package epstopdf-base Info: Redefining graphics rule for `.eps' on input line 485.
Package grfext Info: Graphics extension search list:
(grfext)             [.pdf,.png,.jpg,.mps,.jpeg,.jbig2,.jb2,.PDF,.PNG,.JPG,.JPEG,.JBIG2,.JB2,.eps]
(grfext)             \AppendGraphicsExtensions on input line 504.
 (C:\Users\Juan\AppData\Local\Programs\MiKTeX\tex/latex/00miktex\epstopdf-sys.cfg
File: epstopdf-sys.cfg 2021/03/18 v2.0 Configuration of epstopdf for MiKTeX
))
*geometry* driver: auto-detecting
*geometry* detected driver: pdftex
*geometry* verbose mode - [ preamble ] result:
* driver: pdftex
* paper: a4paper
* layout: <same size as paper>
* layoutoffset:(h,v)=(0.0pt,0.0pt)
* modes: 
* h-part:(L,W,R)=(71.13188pt, 455.24411pt, 71.13188pt)
* v-part:(T,H,B)=(85.35826pt, 674.33032pt, 85.35826pt)
* \paperwidth=597.50787pt
* \paperheight=845.04684pt
* \textwidth=455.24411pt
* \textheight=674.33032pt
* \oddsidemargin=-1.1381pt
* \evensidemargin=-1.1381pt
* \topmargin=-23.91173pt
* \headheight=30.0pt
* \headsep=25.0pt
* \topskip=12.0pt
* \footskip=30.0pt
* \marginparwidth=35.0pt
* \marginparsep=10.0pt
* \columnsep=10.0pt
* \skip\footins=10.8pt plus 4.0pt minus 2.0pt
* \hoffset=0.0pt
* \voffset=0.0pt
* \mag=1000
* \@twocolumnfalse
* \@twosidefalse
* \@mparswitchfalse
* \@reversemarginfalse
* (1in=72.27pt=25.4mm, 1cm=28.453pt)

Package hyperref Info: Link coloring OFF on input line 36.
(C:\Users\Juan\AppData\Local\Programs\MiKTeX\tex/latex/hyperref\nameref.sty
Package: nameref 2021-04-02 v2.47 Cross-referencing by name of section
 (C:\Users\Juan\AppData\Local\Programs\MiKTeX\tex/latex/refcount\refcount.sty
Package: refcount 2019/12/15 v3.6 Data extraction from label references (HO)
) (C:\Users\Juan\AppData\Local\Programs\MiKTeX\tex/generic/gettitlestring\gettitlestring.sty
Package: gettitlestring 2019/12/15 v1.6 Cleanup title references (HO)
)
\c@section@level=\count405
)
LaTeX Info: Redefining \ref on input line 36.
LaTeX Info: Redefining \pageref on input line 36.
LaTeX Info: Redefining \nameref on input line 36.
 (Informe_Trabajo_Practico-Borquez_Juan.out) (Informe_Trabajo_Practico-Borquez_Juan.out)
\@outlinefile=\write4
\openout4 = `Informe_Trabajo_Practico-Borquez_Juan.out'.

Package biblatex Info: Trying to load language 'english'...
Package biblatex Info: ... file 'english.lbx' found.
 (C:\Users\Juan\AppData\Local\Programs\MiKTeX\tex/latex/biblatex/lbx\english.lbx
File: english.lbx 2020/12/31 v3.16 biblatex localization (PK/MW)
)
Package biblatex Info: Input encoding 'utf8' detected.
Package biblatex Info: Automatic encoding selection.
(biblatex)             Assuming data encoding 'utf8'.
Package biblatex Info: Document encoding is UTF8 ....
 (C:\Users\Juan\AppData\Local\Programs\MiKTeX\tex/latex/l3kernel\expl3.sty
Package: expl3 2021-02-18 L3 programming layer (loader) 
)
Package biblatex Info: ... and expl3
(biblatex)             2021-02-18 L3 programming layer (loader) 
(biblatex)             is new enough (at least 2020/04/06),
(biblatex)             setting 'casechanger=expl3'.
 (C:\Users\Juan\AppData\Local\Programs\MiKTeX\tex/latex/biblatex\blx-case-expl3.sty (C:\Users\Juan\AppData\Local\Programs\MiKTeX\tex/latex/l3packages/xparse\xparse.sty (C:\Users\Juan\AppData\Local\Programs\MiKTeX\tex/latex/l3packages/xparse\xparse-2020-10-01.sty (C:\Users\Juan\AppData\Local\Programs\MiKTeX\tex/latex/l3packages/xparse\xparse-generic.tex)))
Package: blx-case-expl3 2020/12/31 v3.16 expl3 case changing code for biblatex
)
\openout3 = `Informe_Trabajo_Practico-Borquez_Juan.bcf'.

Package biblatex Info: Trying to load bibliographic data...
Package biblatex Info: ... file 'Informe_Trabajo_Practico-Borquez_Juan.bbl' found.
 (Informe_Trabajo_Practico-Borquez_Juan.bbl)
Package biblatex Info: Reference section=0 on input line 36.
Package biblatex Info: Reference segment=0 on input line 36.
LaTeX Font Info:    External font `cmex10' loaded for size
(Font)              <12> on input line 52.
LaTeX Font Info:    External font `cmex10' loaded for size
(Font)              <8> on input line 52.
LaTeX Font Info:    External font `cmex10' loaded for size
(Font)              <6> on input line 52.
<./img/escudo.PNG, id=87, 487.06969pt x 84.315pt>
File: ./img/escudo.PNG Graphic file (type png)
<use ./img/escudo.PNG>
Package pdftex.def Info: ./img/escudo.PNG  used on input line 52.
(pdftex.def)             Requested size: 194.82442pt x 33.72539pt.
<./img/año.PNG, id=89, 160.34906pt x 50.43843pt>
File: ./img/año.PNG Graphic file (type png)
<use ./img/año.PNG>
Package pdftex.def Info: ./img/año.PNG  used on input line 53.
(pdftex.def)             Requested size: 96.21017pt x 30.26328pt.
 [1

{C:/Users/Juan/AppData/Local/MiKTeX/pdftex/config/pdftex.map} <./img/escudo.PNG> <./img/año.PNG>]
Overfull \hbox (4.55946pt too wide) in paragraph at lines 76--77
[]\OT1/cmr/m/n/12 Listar, en for-mato JSON, las co-or-de-nadas (so-la-mente) que cor-re-spon-den a un caracter
 []

File: ./img/escudo.PNG Graphic file (type png)
<use ./img/escudo.PNG>
Package pdftex.def Info: ./img/escudo.PNG  used on input line 88.
(pdftex.def)             Requested size: 194.82442pt x 33.72539pt.

Package fancyhdr Warning: \headheight is too small (30.0pt): 
(fancyhdr)                Make it at least 38.07542pt, for example:
(fancyhdr)                \setlength{\headheight}{38.07542pt}.
(fancyhdr)                You might also make \topmargin smaller to compensate:
(fancyhdr)                \addtolength{\topmargin}{-8.07542pt}.

File: ./img/año.PNG Graphic file (type png)
<use ./img/año.PNG>
Package pdftex.def Info: ./img/año.PNG  used on input line 88.
(pdftex.def)             Requested size: 64.13847pt x 20.175pt.
pdfTeX warning (ext4): destination with the same identifier (name{page.1}) has been already used, duplicate ignored
<to be read again> 
                   \relax 
l.88         \item U
                    n carácter de frente (para el texto del mensaje) y un c... [1]
<./img/C4/Ejemplo_consigna.PNG, id=106, 563.10374pt x 116.68594pt>
File: ./img/C4/Ejemplo_consigna.PNG Graphic file (type png)
<use ./img/C4/Ejemplo_consigna.PNG>
Package pdftex.def Info: ./img/C4/Ejemplo_consigna.PNG  used on input line 92.
(pdftex.def)             Requested size: 455.24411pt x 94.33525pt.
<./img/C4/Diagrama_de_Clases_C4.PNG, id=107, 486.31688pt x 409.53pt>
File: ./img/C4/Diagrama_de_Clases_C4.PNG Graphic file (type png)
<use ./img/C4/Diagrama_de_Clases_C4.PNG>
Package pdftex.def Info: ./img/C4/Diagrama_de_Clases_C4.PNG  used on input line 106.
(pdftex.def)             Requested size: 243.15784pt x 204.7645pt.
File: ./img/escudo.PNG Graphic file (type png)
<use ./img/escudo.PNG>
Package pdftex.def Info: ./img/escudo.PNG  used on input line 112.
(pdftex.def)             Requested size: 194.82442pt x 33.72539pt.


Package fancyhdr Warning: \headheight is too small (30.0pt): 
(fancyhdr)                Make it at least 38.07542pt, for example:
(fancyhdr)                \setlength{\headheight}{38.07542pt}.
(fancyhdr)                You might also make \topmargin smaller to compensate:
(fancyhdr)                \addtolength{\topmargin}{-8.07542pt}.

File: ./img/año.PNG Graphic file (type png)
<use ./img/año.PNG>
Package pdftex.def Info: ./img/año.PNG  used on input line 112.
(pdftex.def)             Requested size: 64.13847pt x 20.175pt.
[2 <./img/C4/Ejemplo_consigna.PNG> <./img/C4/Diagrama_de_Clases_C4.PNG>]
File: ./img/escudo.PNG Graphic file (type png)
<use ./img/escudo.PNG>
Package pdftex.def Info: ./img/escudo.PNG  used on input line 140.
(pdftex.def)             Requested size: 194.82442pt x 33.72539pt.


Package fancyhdr Warning: \headheight is too small (30.0pt): 
(fancyhdr)                Make it at least 38.07542pt, for example:
(fancyhdr)                \setlength{\headheight}{38.07542pt}.
(fancyhdr)                You might also make \topmargin smaller to compensate:
(fancyhdr)                \addtolength{\topmargin}{-8.07542pt}.

File: ./img/año.PNG Graphic file (type png)
<use ./img/año.PNG>
Package pdftex.def Info: ./img/año.PNG  used on input line 140.
(pdftex.def)             Requested size: 64.13847pt x 20.175pt.
[3]
Overfull \hbox (4.89pt too wide) in paragraph at lines 151--152
[]\OT1/cmr/m/n/12 Aplique un dise~no de 2 ca-pas con sep-a-racion en-tre el mod-elo y la pre-sentacion/control. 
 []

<./img/C5/Diagrama_de_Clases_C5.PNG, id=122, 530.73282pt x 338.01282pt>
File: ./img/C5/Diagrama_de_Clases_C5.PNG Graphic file (type png)
<use ./img/C5/Diagrama_de_Clases_C5.PNG>
Package pdftex.def Info: ./img/C5/Diagrama_de_Clases_C5.PNG  used on input line 157.
(pdftex.def)             Requested size: 265.36575pt x 169.00598pt.
File: ./img/escudo.PNG Graphic file (type png)
<use ./img/escudo.PNG>
Package pdftex.def Info: ./img/escudo.PNG  used on input line 166.
(pdftex.def)             Requested size: 194.82442pt x 33.72539pt.

Package fancyhdr Warning: \headheight is too small (30.0pt): 
(fancyhdr)                Make it at least 38.07542pt, for example:
(fancyhdr)                \setlength{\headheight}{38.07542pt}.
(fancyhdr)                You might also make \topmargin smaller to compensate:
(fancyhdr)                \addtolength{\topmargin}{-8.07542pt}.

File: ./img/año.PNG Graphic file (type png)
<use ./img/año.PNG>
Package pdftex.def Info: ./img/año.PNG  used on input line 166.
(pdftex.def)             Requested size: 64.13847pt x 20.175pt.
[4 <./img/C5/Diagrama_de_Clases_C5.PNG>]
<./img/C4/Esquema_general_C4.PNG, id=129, 598.48593pt x 416.30531pt>
File: ./img/C4/Esquema_general_C4.PNG Graphic file (type png)
<use ./img/C4/Esquema_general_C4.PNG>
Package pdftex.def Info: ./img/C4/Esquema_general_C4.PNG  used on input line 179.
(pdftex.def)             Requested size: 455.24411pt x 316.67482pt.


LaTeX Warning: `!h' float specifier changed to `!ht'.

File: ./img/escudo.PNG Graphic file (type png)
<use ./img/escudo.PNG>
Package pdftex.def Info: ./img/escudo.PNG  used on input line 181.
(pdftex.def)             Requested size: 194.82442pt x 33.72539pt.

Package fancyhdr Warning: \headheight is too small (30.0pt): 
(fancyhdr)                Make it at least 38.07542pt, for example:
(fancyhdr)                \setlength{\headheight}{38.07542pt}.
(fancyhdr)                You might also make \topmargin smaller to compensate:
(fancyhdr)                \addtolength{\topmargin}{-8.07542pt}.

File: ./img/año.PNG Graphic file (type png)
<use ./img/año.PNG>
Package pdftex.def Info: ./img/año.PNG  used on input line 181.
(pdftex.def)             Requested size: 64.13847pt x 20.175pt.
[5]
<./img/C5/Esquema_general_C5_cliente.PNG, id=143, 442.65375pt x 363.60844pt>
File: ./img/C5/Esquema_general_C5_cliente.PNG Graphic file (type png)
<use ./img/C5/Esquema_general_C5_cliente.PNG>
Package pdftex.def Info: ./img/C5/Esquema_general_C5_cliente.PNG  used on input line 206.
(pdftex.def)             Requested size: 455.24411pt x 373.97159pt.
File: ./img/escudo.PNG Graphic file (type png)
<use ./img/escudo.PNG>
Package pdftex.def Info: ./img/escudo.PNG  used on input line 209.
(pdftex.def)             Requested size: 194.82442pt x 33.72539pt.


Package fancyhdr Warning: \headheight is too small (30.0pt): 
(fancyhdr)                Make it at least 38.07542pt, for example:
(fancyhdr)                \setlength{\headheight}{38.07542pt}.
(fancyhdr)                You might also make \topmargin smaller to compensate:
(fancyhdr)                \addtolength{\topmargin}{-8.07542pt}.

File: ./img/año.PNG Graphic file (type png)
<use ./img/año.PNG>
Package pdftex.def Info: ./img/año.PNG  used on input line 209.
(pdftex.def)             Requested size: 64.13847pt x 20.175pt.
[6 <./img/C4/Esquema_general_C4.PNG>]
<./img/C5/Esquema_general_C5_cliente_panel.PNG, id=159, 277.035pt x 111.41624pt>
File: ./img/C5/Esquema_general_C5_cliente_panel.PNG Graphic file (type png)
<use ./img/C5/Esquema_general_C5_cliente_panel.PNG>
Package pdftex.def Info: ./img/C5/Esquema_general_C5_cliente_panel.PNG  used on input line 213.
(pdftex.def)             Requested size: 227.62206pt x 91.54381pt.
<./img/C5/Esquema_general_C5_server_todo.PNG, id=160, 481.04718pt x 417.05812pt>
File: ./img/C5/Esquema_general_C5_server_todo.PNG Graphic file (type png)
<use ./img/C5/Esquema_general_C5_server_todo.PNG>
Package pdftex.def Info: ./img/C5/Esquema_general_C5_server_todo.PNG  used on input line 220.
(pdftex.def)             Requested size: 455.24411pt x 394.69475pt.
<./img/C5/Esquema_general_C5_server_panel.PNG, id=161, 244.66406pt x 387.69844pt>
File: ./img/C5/Esquema_general_C5_server_panel.PNG Graphic file (type png)
<use ./img/C5/Esquema_general_C5_server_panel.PNG>
Package pdftex.def Info: ./img/C5/Esquema_general_C5_server_panel.PNG  used on input line 227.
(pdftex.def)             Requested size: 227.62206pt x 360.7037pt.
<./img/C5/Esquema_general_C5_server_consigna.PNG, id=162, 742.27313pt x 377.15906pt>
File: ./img/C5/Esquema_general_C5_server_consigna.PNG Graphic file (type png)
<use ./img/C5/Esquema_general_C5_server_consigna.PNG>
Package pdftex.def Info: ./img/C5/Esquema_general_C5_server_consigna.PNG  used on input line 234.
(pdftex.def)             Requested size: 455.24411pt x 231.32127pt.
<./img/C5/Esquema_general_C5_server_excepciones_1.PNG, id=163, 664.73344pt x 386.19281pt>
File: ./img/C5/Esquema_general_C5_server_excepciones_1.PNG Graphic file (type png)
<use ./img/C5/Esquema_general_C5_server_excepciones_1.PNG>
Package pdftex.def Info: ./img/C5/Esquema_general_C5_server_excepciones_1.PNG  used on input line 241.
(pdftex.def)             Requested size: 455.24411pt x 264.48743pt.
<./img/C5/Esquema_general_C5_server_excepciones_2.PNG, id=164, 657.95813pt x 375.65344pt>
File: ./img/C5/Esquema_general_C5_server_excepciones_2.PNG Graphic file (type png)
<use ./img/C5/Esquema_general_C5_server_excepciones_2.PNG>
Package pdftex.def Info: ./img/C5/Esquema_general_C5_server_excepciones_2.PNG  used on input line 248.
(pdftex.def)             Requested size: 455.24411pt x 259.92337pt.
<./img/C5/Esquema_general_C5_server_server_1.PNG, id=165, 565.36218pt x 401.24907pt>
File: ./img/C5/Esquema_general_C5_server_server_1.PNG Graphic file (type png)
<use ./img/C5/Esquema_general_C5_server_server_1.PNG>
Package pdftex.def Info: ./img/C5/Esquema_general_C5_server_server_1.PNG  used on input line 255.
(pdftex.def)             Requested size: 455.24411pt x 323.09972pt.
<./img/C5/Esquema_general_C5_server_server_2.PNG, id=166, 546.54187pt x 332.74312pt>
File: ./img/C5/Esquema_general_C5_server_server_2.PNG Graphic file (type png)
<use ./img/C5/Esquema_general_C5_server_server_2.PNG>
Package pdftex.def Info: ./img/C5/Esquema_general_C5_server_server_2.PNG  used on input line 262.
(pdftex.def)             Requested size: 455.24411pt x 277.1617pt.
File: ./img/escudo.PNG Graphic file (type png)
<use ./img/escudo.PNG>
Package pdftex.def Info: ./img/escudo.PNG  used on input line 267.
(pdftex.def)             Requested size: 194.82442pt x 33.72539pt.


Package fancyhdr Warning: \headheight is too small (30.0pt): 
(fancyhdr)                Make it at least 38.07542pt, for example:
(fancyhdr)                \setlength{\headheight}{38.07542pt}.
(fancyhdr)                You might also make \topmargin smaller to compensate:
(fancyhdr)                \addtolength{\topmargin}{-8.07542pt}.

File: ./img/año.PNG Graphic file (type png)
<use ./img/año.PNG>
Package pdftex.def Info: ./img/año.PNG  used on input line 267.
(pdftex.def)             Requested size: 64.13847pt x 20.175pt.
[7 <./img/C5/Esquema_general_C5_cliente.PNG>]
File: ./img/escudo.PNG Graphic file (type png)
<use ./img/escudo.PNG>
Package pdftex.def Info: ./img/escudo.PNG  used on input line 267.
(pdftex.def)             Requested size: 194.82442pt x 33.72539pt.


Package fancyhdr Warning: \headheight is too small (30.0pt): 
(fancyhdr)                Make it at least 38.07542pt, for example:
(fancyhdr)                \setlength{\headheight}{38.07542pt}.
(fancyhdr)                You might also make \topmargin smaller to compensate:
(fancyhdr)                \addtolength{\topmargin}{-8.07542pt}.

File: ./img/año.PNG Graphic file (type png)
<use ./img/año.PNG>
Package pdftex.def Info: ./img/año.PNG  used on input line 267.
(pdftex.def)             Requested size: 64.13847pt x 20.175pt.
[8 <./img/C5/Esquema_general_C5_cliente_panel.PNG> <./img/C5/Esquema_general_C5_server_todo.PNG>]
File: ./img/escudo.PNG Graphic file (type png)
<use ./img/escudo.PNG>
Package pdftex.def Info: ./img/escudo.PNG  used on input line 267.
(pdftex.def)             Requested size: 194.82442pt x 33.72539pt.


Package fancyhdr Warning: \headheight is too small (30.0pt): 
(fancyhdr)                Make it at least 38.07542pt, for example:
(fancyhdr)                \setlength{\headheight}{38.07542pt}.
(fancyhdr)                You might also make \topmargin smaller to compensate:
(fancyhdr)                \addtolength{\topmargin}{-8.07542pt}.

File: ./img/año.PNG Graphic file (type png)
<use ./img/año.PNG>
Package pdftex.def Info: ./img/año.PNG  used on input line 267.
(pdftex.def)             Requested size: 64.13847pt x 20.175pt.
[9 <./img/C5/Esquema_general_C5_server_panel.PNG> <./img/C5/Esquema_general_C5_server_consigna.PNG>]
File: ./img/escudo.PNG Graphic file (type png)
<use ./img/escudo.PNG>
Package pdftex.def Info: ./img/escudo.PNG  used on input line 267.
(pdftex.def)             Requested size: 194.82442pt x 33.72539pt.


Package fancyhdr Warning: \headheight is too small (30.0pt): 
(fancyhdr)                Make it at least 38.07542pt, for example:
(fancyhdr)                \setlength{\headheight}{38.07542pt}.
(fancyhdr)                You might also make \topmargin smaller to compensate:
(fancyhdr)                \addtolength{\topmargin}{-8.07542pt}.

File: ./img/año.PNG Graphic file (type png)
<use ./img/año.PNG>
Package pdftex.def Info: ./img/año.PNG  used on input line 267.
(pdftex.def)             Requested size: 64.13847pt x 20.175pt.
[10 <./img/C5/Esquema_general_C5_server_excepciones_1.PNG> <./img/C5/Esquema_general_C5_server_excepciones_2.PNG>]
File: ./img/escudo.PNG Graphic file (type png)
<use ./img/escudo.PNG>
Package pdftex.def Info: ./img/escudo.PNG  used on input line 267.
(pdftex.def)             Requested size: 194.82442pt x 33.72539pt.


Package fancyhdr Warning: \headheight is too small (30.0pt): 
(fancyhdr)                Make it at least 38.07542pt, for example:
(fancyhdr)                \setlength{\headheight}{38.07542pt}.
(fancyhdr)                You might also make \topmargin smaller to compensate:
(fancyhdr)                \addtolength{\topmargin}{-8.07542pt}.

File: ./img/año.PNG Graphic file (type png)
<use ./img/año.PNG>
Package pdftex.def Info: ./img/año.PNG  used on input line 267.
(pdftex.def)             Requested size: 64.13847pt x 20.175pt.
[11 <./img/C5/Esquema_general_C5_server_server_1.PNG> <./img/C5/Esquema_general_C5_server_server_2.PNG>]
<./img/C4/S1_C4.PNG, id=196, 545.03625pt x 243.91125pt>
File: ./img/C4/S1_C4.PNG Graphic file (type png)
<use ./img/C4/S1_C4.PNG>
Package pdftex.def Info: ./img/C4/S1_C4.PNG  used on input line 277.
(pdftex.def)             Requested size: 545.03493pt x 243.91064pt.
<./img/C4/S2_C4.PNG, id=197, 672.26157pt x 433.62pt>
File: ./img/C4/S2_C4.PNG Graphic file (type png)
<use ./img/C4/S2_C4.PNG>
Package pdftex.def Info: ./img/C4/S2_C4.PNG  used on input line 280.
(pdftex.def)             Requested size: 672.25992pt x 433.61894pt.
<./img/C4/S3_C4.PNG, id=198, 492.33937pt x 453.19313pt>
File: ./img/C4/S3_C4.PNG Graphic file (type png)
<use ./img/C4/S3_C4.PNG>
Package pdftex.def Info: ./img/C4/S3_C4.PNG  used on input line 287.
(pdftex.def)             Requested size: 492.33815pt x 453.19202pt.
<./img/C4/S4_C4.PNG, id=199, 492.33937pt x 344.78813pt>
File: ./img/C4/S4_C4.PNG Graphic file (type png)
<use ./img/C4/S4_C4.PNG>
Package pdftex.def Info: ./img/C4/S4_C4.PNG  used on input line 292.
(pdftex.def)             Requested size: 492.33815pt x 344.78728pt.
File: ./img/escudo.PNG Graphic file (type png)
<use ./img/escudo.PNG>
Package pdftex.def Info: ./img/escudo.PNG  used on input line 295.
(pdftex.def)             Requested size: 194.82442pt x 33.72539pt.


Package fancyhdr Warning: \headheight is too small (30.0pt): 
(fancyhdr)                Make it at least 38.07542pt, for example:
(fancyhdr)                \setlength{\headheight}{38.07542pt}.
(fancyhdr)                You might also make \topmargin smaller to compensate:
(fancyhdr)                \addtolength{\topmargin}{-8.07542pt}.

File: ./img/año.PNG Graphic file (type png)
<use ./img/año.PNG>
Package pdftex.def Info: ./img/año.PNG  used on input line 295.
(pdftex.def)             Requested size: 64.13847pt x 20.175pt.
[12 <./img/C4/S1_C4.PNG> <./img/C4/S2_C4.PNG>]
File: ./img/escudo.PNG Graphic file (type png)
<use ./img/escudo.PNG>
Package pdftex.def Info: ./img/escudo.PNG  used on input line 295.
(pdftex.def)             Requested size: 194.82442pt x 33.72539pt.


Package fancyhdr Warning: \headheight is too small (30.0pt): 
(fancyhdr)                Make it at least 38.07542pt, for example:
(fancyhdr)                \setlength{\headheight}{38.07542pt}.
(fancyhdr)                You might also make \topmargin smaller to compensate:
(fancyhdr)                \addtolength{\topmargin}{-8.07542pt}.

File: ./img/año.PNG Graphic file (type png)
<use ./img/año.PNG>
Package pdftex.def Info: ./img/año.PNG  used on input line 295.
(pdftex.def)             Requested size: 64.13847pt x 20.175pt.
[13 <./img/C4/S3_C4.PNG>]
File: ./img/escudo.PNG Graphic file (type png)
<use ./img/escudo.PNG>
Package pdftex.def Info: ./img/escudo.PNG  used on input line 295.
(pdftex.def)             Requested size: 194.82442pt x 33.72539pt.


Package fancyhdr Warning: \headheight is too small (30.0pt): 
(fancyhdr)                Make it at least 38.07542pt, for example:
(fancyhdr)                \setlength{\headheight}{38.07542pt}.
(fancyhdr)                You might also make \topmargin smaller to compensate:
(fancyhdr)                \addtolength{\topmargin}{-8.07542pt}.

File: ./img/año.PNG Graphic file (type png)
<use ./img/año.PNG>
Package pdftex.def Info: ./img/año.PNG  used on input line 295.
(pdftex.def)             Requested size: 64.13847pt x 20.175pt.
[14 <./img/C4/S4_C4.PNG>]
<./img/C4/S5_C4.PNG, id=217, 514.17094pt x 522.45187pt>
File: ./img/C4/S5_C4.PNG Graphic file (type png)
<use ./img/C4/S5_C4.PNG>
Package pdftex.def Info: ./img/C4/S5_C4.PNG  used on input line 298.
(pdftex.def)             Requested size: 514.1697pt x 522.45059pt.
<./img/C4/S6_C4.PNG, id=218, 515.67656pt x 523.9575pt>
File: ./img/C4/S6_C4.PNG Graphic file (type png)
<use ./img/C4/S6_C4.PNG>
Package pdftex.def Info: ./img/C4/S6_C4.PNG  used on input line 303.
(pdftex.def)             Requested size: 515.6753pt x 523.95622pt.
<./img/C4/S7_C4.PNG, id=219, 455.45157pt x 209.28188pt>
File: ./img/C4/S7_C4.PNG Graphic file (type png)
<use ./img/C4/S7_C4.PNG>
Package pdftex.def Info: ./img/C4/S7_C4.PNG  used on input line 308.
(pdftex.def)             Requested size: 455.45045pt x 209.28134pt.
File: ./img/escudo.PNG Graphic file (type png)
<use ./img/escudo.PNG>
Package pdftex.def Info: ./img/escudo.PNG  used on input line 312.
(pdftex.def)             Requested size: 194.82442pt x 33.72539pt.


Package fancyhdr Warning: \headheight is too small (30.0pt): 
(fancyhdr)                Make it at least 38.07542pt, for example:
(fancyhdr)                \setlength{\headheight}{38.07542pt}.
(fancyhdr)                You might also make \topmargin smaller to compensate:
(fancyhdr)                \addtolength{\topmargin}{-8.07542pt}.

File: ./img/año.PNG Graphic file (type png)
<use ./img/año.PNG>
Package pdftex.def Info: ./img/año.PNG  used on input line 312.
(pdftex.def)             Requested size: 64.13847pt x 20.175pt.
[15

 <./img/C4/S5_C4.PNG>]
File: ./img/escudo.PNG Graphic file (type png)
<use ./img/escudo.PNG>
Package pdftex.def Info: ./img/escudo.PNG  used on input line 312.
(pdftex.def)             Requested size: 194.82442pt x 33.72539pt.


Package fancyhdr Warning: \headheight is too small (30.0pt): 
(fancyhdr)                Make it at least 38.07542pt, for example:
(fancyhdr)                \setlength{\headheight}{38.07542pt}.
(fancyhdr)                You might also make \topmargin smaller to compensate:
(fancyhdr)                \addtolength{\topmargin}{-8.07542pt}.

File: ./img/año.PNG Graphic file (type png)
<use ./img/año.PNG>
Package pdftex.def Info: ./img/año.PNG  used on input line 312.
(pdftex.def)             Requested size: 64.13847pt x 20.175pt.
[16 <./img/C4/S6_C4.PNG>]
<./img/C5/Linea_ejecucion_cliente.PNG, id=230, 479.54156pt x 57.21375pt>
File: ./img/C5/Linea_ejecucion_cliente.PNG Graphic file (type png)
<use ./img/C5/Linea_ejecucion_cliente.PNG>
Package pdftex.def Info: ./img/C5/Linea_ejecucion_cliente.PNG  used on input line 322.
(pdftex.def)             Requested size: 479.54039pt x 57.2136pt.
<./img/C5/Linea_ejecucion_servidor.PNG, id=231, 479.54156pt x 54.9553pt>
File: ./img/C5/Linea_ejecucion_servidor.PNG Graphic file (type png)
<use ./img/C5/Linea_ejecucion_servidor.PNG>
Package pdftex.def Info: ./img/C5/Linea_ejecucion_servidor.PNG  used on input line 328.
(pdftex.def)             Requested size: 479.54039pt x 54.95515pt.
<./img/C5/Servidor_cliente_1.PNG, id=232, 953.81343pt x 79.04532pt>
File: ./img/C5/Servidor_cliente_1.PNG Graphic file (type png)
<use ./img/C5/Servidor_cliente_1.PNG>
Package pdftex.def Info: ./img/C5/Servidor_cliente_1.PNG  used on input line 334.
(pdftex.def)             Requested size: 953.8111pt x 79.0451pt.
<./img/C5/Servidor_cliente_2.PNG, id=233, 873.2625pt x 378.66469pt>
File: ./img/C5/Servidor_cliente_2.PNG Graphic file (type png)
<use ./img/C5/Servidor_cliente_2.PNG>
Package pdftex.def Info: ./img/C5/Servidor_cliente_2.PNG  used on input line 340.
(pdftex.def)             Requested size: 873.26036pt x 378.66376pt.
<./img/C5/Servidor_cliente_3.PNG, id=234, 862.72313pt x 462.22687pt>
File: ./img/C5/Servidor_cliente_3.PNG Graphic file (type png)
<use ./img/C5/Servidor_cliente_3.PNG>
Package pdftex.def Info: ./img/C5/Servidor_cliente_3.PNG  used on input line 345.
(pdftex.def)             Requested size: 862.72102pt x 462.22574pt.
<./img/C5/Servidor_cliente_4.PNG, id=235, 870.25125pt x 470.50781pt>
File: ./img/C5/Servidor_cliente_4.PNG Graphic file (type png)
<use ./img/C5/Servidor_cliente_4.PNG>
Package pdftex.def Info: ./img/C5/Servidor_cliente_4.PNG  used on input line 350.
(pdftex.def)             Requested size: 870.24913pt x 470.50665pt.
<./img/C5/Servidor_cliente_5.PNG, id=236, 880.03781pt x 475.7775pt>
File: ./img/C5/Servidor_cliente_5.PNG Graphic file (type png)
<use ./img/C5/Servidor_cliente_5.PNG>
Package pdftex.def Info: ./img/C5/Servidor_cliente_5.PNG  used on input line 355.
(pdftex.def)             Requested size: 880.03566pt x 475.77632pt.
<./img/C5/Servidor_cliente_6.PNG, id=237, 866.48718pt x 470.50781pt>
File: ./img/C5/Servidor_cliente_6.PNG Graphic file (type png)
<use ./img/C5/Servidor_cliente_6.PNG>
Package pdftex.def Info: ./img/C5/Servidor_cliente_6.PNG  used on input line 360.
(pdftex.def)             Requested size: 866.48506pt x 470.50665pt.
<./img/C5/Servidor_cliente_7.PNG, id=238, 864.98157pt x 465.99094pt>
File: ./img/C5/Servidor_cliente_7.PNG Graphic file (type png)
<use ./img/C5/Servidor_cliente_7.PNG>
Package pdftex.def Info: ./img/C5/Servidor_cliente_7.PNG  used on input line 365.
(pdftex.def)             Requested size: 864.97946pt x 465.98979pt.
<./img/C5/Servidor_cliente_8.PNG, id=239, 870.25125pt x 472.01344pt>
File: ./img/C5/Servidor_cliente_8.PNG Graphic file (type png)
<use ./img/C5/Servidor_cliente_8.PNG>
Package pdftex.def Info: ./img/C5/Servidor_cliente_8.PNG  used on input line 370.
(pdftex.def)             Requested size: 870.24913pt x 472.01228pt.
<./img/C5/Servidor_cliente_9.PNG, id=240, 869.49844pt x 469.755pt>
File: ./img/C5/Servidor_cliente_9.PNG Graphic file (type png)
<use ./img/C5/Servidor_cliente_9.PNG>
Package pdftex.def Info: ./img/C5/Servidor_cliente_9.PNG  used on input line 375.
(pdftex.def)             Requested size: 869.49632pt x 469.75386pt.
<./img/C5/Servidor_cliente_10.PNG, id=241, 867.24pt x 466.74374pt>
File: ./img/C5/Servidor_cliente_10.PNG Graphic file (type png)
<use ./img/C5/Servidor_cliente_10.PNG>
Package pdftex.def Info: ./img/C5/Servidor_cliente_10.PNG  used on input line 380.
(pdftex.def)             Requested size: 867.2379pt x 466.7426pt.
<./img/C5/Servidor_cliente_11.PNG, id=242, 865.73438pt x 468.24937pt>
File: ./img/C5/Servidor_cliente_11.PNG Graphic file (type png)
<use ./img/C5/Servidor_cliente_11.PNG>
Package pdftex.def Info: ./img/C5/Servidor_cliente_11.PNG  used on input line 385.
(pdftex.def)             Requested size: 865.73227pt x 468.24821pt.
<./img/C5/Servidor_cliente_12.PNG, id=243, 868.74562pt x 468.24937pt>
File: ./img/C5/Servidor_cliente_12.PNG Graphic file (type png)
<use ./img/C5/Servidor_cliente_12.PNG>
Package pdftex.def Info: ./img/C5/Servidor_cliente_12.PNG  used on input line 390.
(pdftex.def)             Requested size: 868.7435pt x 468.24821pt.
<./img/C5/Servidor_cliente_13.PNG, id=244, 864.98157pt x 471.26062pt>
File: ./img/C5/Servidor_cliente_13.PNG Graphic file (type png)
<use ./img/C5/Servidor_cliente_13.PNG>
Package pdftex.def Info: ./img/C5/Servidor_cliente_13.PNG  used on input line 395.
(pdftex.def)             Requested size: 864.97946pt x 471.25948pt.
<./img/C5/Servidor_cliente_14.PNG, id=245, 937.25156pt x 468.24937pt>
File: ./img/C5/Servidor_cliente_14.PNG Graphic file (type png)
<use ./img/C5/Servidor_cliente_14.PNG>
Package pdftex.def Info: ./img/C5/Servidor_cliente_14.PNG  used on input line 400.
(pdftex.def)             Requested size: 937.24927pt x 468.24821pt.
File: ./img/escudo.PNG Graphic file (type png)
<use ./img/escudo.PNG>
Package pdftex.def Info: ./img/escudo.PNG  used on input line 403.
(pdftex.def)             Requested size: 194.82442pt x 33.72539pt.


Package fancyhdr Warning: \headheight is too small (30.0pt): 
(fancyhdr)                Make it at least 38.07542pt, for example:
(fancyhdr)                \setlength{\headheight}{38.07542pt}.
(fancyhdr)                You might also make \topmargin smaller to compensate:
(fancyhdr)                \addtolength{\topmargin}{-8.07542pt}.

File: ./img/año.PNG Graphic file (type png)
<use ./img/año.PNG>
Package pdftex.def Info: ./img/año.PNG  used on input line 403.
(pdftex.def)             Requested size: 64.13847pt x 20.175pt.
[17 <./img/C4/S7_C4.PNG> <./img/C5/Linea_ejecucion_cliente.PNG> <./img/C5/Linea_ejecucion_servidor.PNG>]
File: ./img/escudo.PNG Graphic file (type png)
<use ./img/escudo.PNG>
Package pdftex.def Info: ./img/escudo.PNG  used on input line 403.
(pdftex.def)             Requested size: 194.82442pt x 33.72539pt.


Package fancyhdr Warning: \headheight is too small (30.0pt): 
(fancyhdr)                Make it at least 38.07542pt, for example:
(fancyhdr)                \setlength{\headheight}{38.07542pt}.
(fancyhdr)                You might also make \topmargin smaller to compensate:
(fancyhdr)                \addtolength{\topmargin}{-8.07542pt}.

File: ./img/año.PNG Graphic file (type png)
<use ./img/año.PNG>
Package pdftex.def Info: ./img/año.PNG  used on input line 403.
(pdftex.def)             Requested size: 64.13847pt x 20.175pt.
[18 <./img/C5/Servidor_cliente_1.PNG> <./img/C5/Servidor_cliente_2.PNG> <./img/C5/Servidor_cliente_3.PNG>]
File: ./img/escudo.PNG Graphic file (type png)
<use ./img/escudo.PNG>
Package pdftex.def Info: ./img/escudo.PNG  used on input line 403.
(pdftex.def)             Requested size: 194.82442pt x 33.72539pt.


Package fancyhdr Warning: \headheight is too small (30.0pt): 
(fancyhdr)                Make it at least 38.07542pt, for example:
(fancyhdr)                \setlength{\headheight}{38.07542pt}.
(fancyhdr)                You might also make \topmargin smaller to compensate:
(fancyhdr)                \addtolength{\topmargin}{-8.07542pt}.

File: ./img/año.PNG Graphic file (type png)
<use ./img/año.PNG>
Package pdftex.def Info: ./img/año.PNG  used on input line 403.
(pdftex.def)             Requested size: 64.13847pt x 20.175pt.
[19 <./img/C5/Servidor_cliente_4.PNG> <./img/C5/Servidor_cliente_5.PNG>]
File: ./img/escudo.PNG Graphic file (type png)
<use ./img/escudo.PNG>
Package pdftex.def Info: ./img/escudo.PNG  used on input line 403.
(pdftex.def)             Requested size: 194.82442pt x 33.72539pt.


Package fancyhdr Warning: \headheight is too small (30.0pt): 
(fancyhdr)                Make it at least 38.07542pt, for example:
(fancyhdr)                \setlength{\headheight}{38.07542pt}.
(fancyhdr)                You might also make \topmargin smaller to compensate:
(fancyhdr)                \addtolength{\topmargin}{-8.07542pt}.

File: ./img/año.PNG Graphic file (type png)
<use ./img/año.PNG>
Package pdftex.def Info: ./img/año.PNG  used on input line 403.
(pdftex.def)             Requested size: 64.13847pt x 20.175pt.
[20 <./img/C5/Servidor_cliente_6.PNG> <./img/C5/Servidor_cliente_7.PNG>]
File: ./img/escudo.PNG Graphic file (type png)
<use ./img/escudo.PNG>
Package pdftex.def Info: ./img/escudo.PNG  used on input line 403.
(pdftex.def)             Requested size: 194.82442pt x 33.72539pt.


Package fancyhdr Warning: \headheight is too small (30.0pt): 
(fancyhdr)                Make it at least 38.07542pt, for example:
(fancyhdr)                \setlength{\headheight}{38.07542pt}.
(fancyhdr)                You might also make \topmargin smaller to compensate:
(fancyhdr)                \addtolength{\topmargin}{-8.07542pt}.

File: ./img/año.PNG Graphic file (type png)
<use ./img/año.PNG>
Package pdftex.def Info: ./img/año.PNG  used on input line 403.
(pdftex.def)             Requested size: 64.13847pt x 20.175pt.
[21 <./img/C5/Servidor_cliente_8.PNG> <./img/C5/Servidor_cliente_9.PNG>]
File: ./img/escudo.PNG Graphic file (type png)
<use ./img/escudo.PNG>
Package pdftex.def Info: ./img/escudo.PNG  used on input line 403.
(pdftex.def)             Requested size: 194.82442pt x 33.72539pt.


Package fancyhdr Warning: \headheight is too small (30.0pt): 
(fancyhdr)                Make it at least 38.07542pt, for example:
(fancyhdr)                \setlength{\headheight}{38.07542pt}.
(fancyhdr)                You might also make \topmargin smaller to compensate:
(fancyhdr)                \addtolength{\topmargin}{-8.07542pt}.

File: ./img/año.PNG Graphic file (type png)
<use ./img/año.PNG>
Package pdftex.def Info: ./img/año.PNG  used on input line 403.
(pdftex.def)             Requested size: 64.13847pt x 20.175pt.
[22 <./img/C5/Servidor_cliente_10.PNG> <./img/C5/Servidor_cliente_11.PNG>]
File: ./img/escudo.PNG Graphic file (type png)
<use ./img/escudo.PNG>
Package pdftex.def Info: ./img/escudo.PNG  used on input line 403.
(pdftex.def)             Requested size: 194.82442pt x 33.72539pt.


Package fancyhdr Warning: \headheight is too small (30.0pt): 
(fancyhdr)                Make it at least 38.07542pt, for example:
(fancyhdr)                \setlength{\headheight}{38.07542pt}.
(fancyhdr)                You might also make \topmargin smaller to compensate:
(fancyhdr)                \addtolength{\topmargin}{-8.07542pt}.

File: ./img/año.PNG Graphic file (type png)
<use ./img/año.PNG>
Package pdftex.def Info: ./img/año.PNG  used on input line 403.
(pdftex.def)             Requested size: 64.13847pt x 20.175pt.
[23 <./img/C5/Servidor_cliente_12.PNG> <./img/C5/Servidor_cliente_13.PNG>]
File: ./img/escudo.PNG Graphic file (type png)
<use ./img/escudo.PNG>
Package pdftex.def Info: ./img/escudo.PNG  used on input line 427.
(pdftex.def)             Requested size: 194.82442pt x 33.72539pt.


Package fancyhdr Warning: \headheight is too small (30.0pt): 
(fancyhdr)                Make it at least 38.07542pt, for example:
(fancyhdr)                \setlength{\headheight}{38.07542pt}.
(fancyhdr)                You might also make \topmargin smaller to compensate:
(fancyhdr)                \addtolength{\topmargin}{-8.07542pt}.

File: ./img/año.PNG Graphic file (type png)
<use ./img/año.PNG>
Package pdftex.def Info: ./img/año.PNG  used on input line 427.
(pdftex.def)             Requested size: 64.13847pt x 20.175pt.
[24 <./img/C5/Servidor_cliente_14.PNG>]
File: ./img/escudo.PNG Graphic file (type png)
<use ./img/escudo.PNG>
Package pdftex.def Info: ./img/escudo.PNG  used on input line 468.
(pdftex.def)             Requested size: 194.82442pt x 33.72539pt.


Package fancyhdr Warning: \headheight is too small (30.0pt): 
(fancyhdr)                Make it at least 38.07542pt, for example:
(fancyhdr)                \setlength{\headheight}{38.07542pt}.
(fancyhdr)                You might also make \topmargin smaller to compensate:
(fancyhdr)                \addtolength{\topmargin}{-8.07542pt}.

File: ./img/año.PNG Graphic file (type png)
<use ./img/año.PNG>
Package pdftex.def Info: ./img/año.PNG  used on input line 468.
(pdftex.def)             Requested size: 64.13847pt x 20.175pt.
[25]
File: ./img/escudo.PNG Graphic file (type png)
<use ./img/escudo.PNG>
Package pdftex.def Info: ./img/escudo.PNG  used on input line 492.
(pdftex.def)             Requested size: 194.82442pt x 33.72539pt.


Package fancyhdr Warning: \headheight is too small (30.0pt): 
(fancyhdr)                Make it at least 38.07542pt, for example:
(fancyhdr)                \setlength{\headheight}{38.07542pt}.
(fancyhdr)                You might also make \topmargin smaller to compensate:
(fancyhdr)                \addtolength{\topmargin}{-8.07542pt}.

File: ./img/año.PNG Graphic file (type png)
<use ./img/año.PNG>
Package pdftex.def Info: ./img/año.PNG  used on input line 492.
(pdftex.def)             Requested size: 64.13847pt x 20.175pt.
[26]
File: ./img/escudo.PNG Graphic file (type png)
<use ./img/escudo.PNG>
Package pdftex.def Info: ./img/escudo.PNG  used on input line 534.
(pdftex.def)             Requested size: 194.82442pt x 33.72539pt.


Package fancyhdr Warning: \headheight is too small (30.0pt): 
(fancyhdr)                Make it at least 38.07542pt, for example:
(fancyhdr)                \setlength{\headheight}{38.07542pt}.
(fancyhdr)                You might also make \topmargin smaller to compensate:
(fancyhdr)                \addtolength{\topmargin}{-8.07542pt}.

File: ./img/año.PNG Graphic file (type png)
<use ./img/año.PNG>
Package pdftex.def Info: ./img/año.PNG  used on input line 534.
(pdftex.def)             Requested size: 64.13847pt x 20.175pt.
[27]
Overfull \hbox (21.97618pt too wide) in paragraph at lines 547--547
[]\OT1/cmr/m/n/12 Microsoft. \OT1/cmr/m/it/12 Source Code Or-ga-ni-za-tion: C++ Tem-plates\OT1/cmr/m/n/12 . \OT1/cmr/m/sc/12 url\OT1/cmr/m/n/12 : []$\OT1/cmtt/m/n/12 https : / / learn . microsoft .
 []


Overfull \hbox (26.36615pt too wide) in paragraph at lines 547--547
[]\OT1/cmr/m/it/12 Why can tem-plates only be im-ple-mented in the header file? \OT1/cmr/m/sc/12 url\OT1/cmr/m/n/12 : []$\OT1/cmtt/m/n/12 https : / / stackoverflow .
 []

File: ./img/escudo.PNG Graphic file (type png)
<use ./img/escudo.PNG>
Package pdftex.def Info: ./img/escudo.PNG  used on input line 550.
(pdftex.def)             Requested size: 194.82442pt x 33.72539pt.

Package fancyhdr Warning: \headheight is too small (30.0pt): 
(fancyhdr)                Make it at least 38.07542pt, for example:
(fancyhdr)                \setlength{\headheight}{38.07542pt}.
(fancyhdr)                You might also make \topmargin smaller to compensate:
(fancyhdr)                \addtolength{\topmargin}{-8.07542pt}.

File: ./img/año.PNG Graphic file (type png)
<use ./img/año.PNG>
Package pdftex.def Info: ./img/año.PNG  used on input line 550.
(pdftex.def)             Requested size: 64.13847pt x 20.175pt.
[28] (Informe_Trabajo_Practico-Borquez_Juan.aux)
Package rerunfilecheck Info: File `Informe_Trabajo_Practico-Borquez_Juan.out' has not changed.
(rerunfilecheck)             Checksum: 173C3A07BA9DEA8F61A62FAC56CB06FB;3305.
Package logreq Info: Writing requests to 'Informe_Trabajo_Practico-Borquez_Juan.run.xml'.
\openout1 = `Informe_Trabajo_Practico-Borquez_Juan.run.xml'.

 ) 
Here is how much of TeX's memory you used:
 17225 strings out of 479321
 302350 string characters out of 2857060
 1019948 words of memory out of 3000000
 34378 multiletter control sequences out of 15000+600000
 409784 words of font info for 48 fonts, out of 8000000 for 9000
 1141 hyphenation exceptions out of 8191
 73i,22n,74p,1103b,1335s stack positions out of 5000i,500n,10000p,200000b,80000s
 <C:\Users\Juan\AppData\Local\MiKTeX\fonts/pk/ljfour/jknappen/ec/dpi600\tcrm1200.pk> <C:\Users\Juan\AppData\Local\MiKTeX\fonts/pk/ljfour/jknappen/ec/dpi600\tcbx1728.pk><C:/Users/Juan/AppData/Local/Programs/MiKTeX/fonts/type1/public/amsfonts/cm/cmbx12.pfb><C:/Users/Juan/AppData/Local/Programs/MiKTeX/fonts/type1/public/amsfonts/cm/cmcsc10.pfb><C:/Users/Juan/AppData/Local/Programs/MiKTeX/fonts/type1/public/amsfonts/cm/cmmi12.pfb><C:/Users/Juan/AppData/Local/Programs/MiKTeX/fonts/type1/public/amsfonts/cm/cmr12.pfb><C:/Users/Juan/AppData/Local/Programs/MiKTeX/fonts/type1/public/amsfonts/cm/cmr17.pfb><C:/Users/Juan/AppData/Local/Programs/MiKTeX/fonts/type1/public/amsfonts/cm/cmti12.pfb><C:/Users/Juan/AppData/Local/Programs/MiKTeX/fonts/type1/public/amsfonts/cm/cmtt12.pfb>
Output written on Informe_Trabajo_Practico-Borquez_Juan.pdf (29 pages, 1091038 bytes).
PDF statistics:
 389 PDF objects out of 1000 (max. 8388607)
 66 named destinations out of 1000 (max. 500000)
 359 words of extra memory for PDF output out of 10000 (max. 10000000)

